ERROR - 2025-10-04 16:05:59 --> Error connecting to the database: mysqli_sql_exception: Access denied for user ''@'localhost' (using password: NO) in F:\Tugas Mahesa Fazrie\Codingan\php\CI4 ETS\system\Database\MySQLi\Connection.php:201
Stack trace:
#0 F:\Tugas Mahesa Fazrie\Codingan\php\CI4 ETS\system\Database\MySQLi\Connection.php(201): mysqli->real_connect('localhost', '', Object(SensitiveParameterValue), 'proyek_3-gaji_d...', 3306, '', 0)
#1 F:\Tugas Mahesa Fazrie\Codingan\php\CI4 ETS\system\Database\BaseConnection.php(419): CodeIgniter\Database\MySQLi\Connection->connect(false)
#2 F:\Tugas Mahesa Fazrie\Codingan\php\CI4 ETS\system\Database\BaseConnection.php(614): CodeIgniter\Database\BaseConnection->initialize()
#3 F:\Tugas Mahesa Fazrie\Codingan\php\CI4 ETS\system\Database\BaseBuilder.php(1649): CodeIgniter\Database\BaseConnection->query('SELECT *\nFROM `...', Array, false)
#4 F:\Tugas Mahesa Fazrie\Codingan\php\CI4 ETS\system\Model.php(286): CodeIgniter\Database\BaseBuilder->get()
#5 F:\Tugas Mahesa Fazrie\Codingan\php\CI4 ETS\system\BaseModel.php(677): CodeIgniter\Model->doFindAll(0, 0)
#6 F:\Tugas Mahesa Fazrie\Codingan\php\CI4 ETS\app\Controllers\Anggota.php(8): CodeIgniter\BaseModel->findAll()
#7 F:\Tugas Mahesa Fazrie\Codingan\php\CI4 ETS\system\CodeIgniter.php(933): App\Controllers\Anggota->index()
#8 F:\Tugas Mahesa Fazrie\Codingan\php\CI4 ETS\system\CodeIgniter.php(507): CodeIgniter\CodeIgniter->runController(Object(App\Controllers\Anggota))
#9 F:\Tugas Mahesa Fazrie\Codingan\php\CI4 ETS\system\CodeIgniter.php(354): CodeIgniter\CodeIgniter->handleRequest(NULL, Object(Config\Cache), false)
#10 F:\Tugas Mahesa Fazrie\Codingan\php\CI4 ETS\system\Boot.php(363): CodeIgniter\CodeIgniter->run()
#11 F:\Tugas Mahesa Fazrie\Codingan\php\CI4 ETS\system\Boot.php(68): CodeIgniter\Boot::runCodeIgniter(Object(CodeIgniter\CodeIgniter))
#12 F:\Tugas Mahesa Fazrie\Codingan\php\CI4 ETS\public\index.php(59): CodeIgniter\Boot::bootWeb(Object(Config\Paths))
#13 F:\Tugas Mahesa Fazrie\Codingan\php\CI4 ETS\system\rewrite.php(44): require_once('F:\\Tugas Mahesa...')
#14 {main}

Next CodeIgniter\Database\Exceptions\DatabaseException: Access denied for user ''@'localhost' (using password: NO) in F:\Tugas Mahesa Fazrie\Codingan\php\CI4 ETS\system\Database\MySQLi\Connection.php:246
Stack trace:
#0 F:\Tugas Mahesa Fazrie\Codingan\php\CI4 ETS\system\Database\BaseConnection.php(419): CodeIgniter\Database\MySQLi\Connection->connect(false)
#1 F:\Tugas Mahesa Fazrie\Codingan\php\CI4 ETS\system\Database\BaseConnection.php(614): CodeIgniter\Database\BaseConnection->initialize()
#2 F:\Tugas Mahesa Fazrie\Codingan\php\CI4 ETS\system\Database\BaseBuilder.php(1649): CodeIgniter\Database\BaseConnection->query('SELECT *\nFROM `...', Array, false)
#3 F:\Tugas Mahesa Fazrie\Codingan\php\CI4 ETS\system\Model.php(286): CodeIgniter\Database\BaseBuilder->get()
#4 F:\Tugas Mahesa Fazrie\Codingan\php\CI4 ETS\system\BaseModel.php(677): CodeIgniter\Model->doFindAll(0, 0)
#5 F:\Tugas Mahesa Fazrie\Codingan\php\CI4 ETS\app\Controllers\Anggota.php(8): CodeIgniter\BaseModel->findAll()
#6 F:\Tugas Mahesa Fazrie\Codingan\php\CI4 ETS\system\CodeIgniter.php(933): App\Controllers\Anggota->index()
#7 F:\Tugas Mahesa Fazrie\Codingan\php\CI4 ETS\system\CodeIgniter.php(507): CodeIgniter\CodeIgniter->runController(Object(App\Controllers\Anggota))
#8 F:\Tugas Mahesa Fazrie\Codingan\php\CI4 ETS\system\CodeIgniter.php(354): CodeIgniter\CodeIgniter->handleRequest(NULL, Object(Config\Cache), false)
#9 F:\Tugas Mahesa Fazrie\Codingan\php\CI4 ETS\system\Boot.php(363): CodeIgniter\CodeIgniter->run()
#10 F:\Tugas Mahesa Fazrie\Codingan\php\CI4 ETS\system\Boot.php(68): CodeIgniter\Boot::runCodeIgniter(Object(CodeIgniter\CodeIgniter))
#11 F:\Tugas Mahesa Fazrie\Codingan\php\CI4 ETS\public\index.php(59): CodeIgniter\Boot::bootWeb(Object(Config\Paths))
#12 F:\Tugas Mahesa Fazrie\Codingan\php\CI4 ETS\system\rewrite.php(44): require_once('F:\\Tugas Mahesa...')
#13 {main}
CRITICAL - 2025-10-04 16:05:59 --> CodeIgniter\Database\Exceptions\DatabaseException: Unable to connect to the database.
Main connection [MySQLi]: Access denied for user ''@'localhost' (using password: NO)
[Method: GET, Route: anggota]
in SYSTEMPATH\Database\BaseConnection.php on line 465.
 1 SYSTEMPATH\Database\BaseConnection.php(614): CodeIgniter\Database\BaseConnection->initialize()
 2 SYSTEMPATH\Database\BaseBuilder.php(1649): CodeIgniter\Database\BaseConnection->query('SELECT *
FROM `anggota_dpr`', [], false)
 3 SYSTEMPATH\Model.php(286): CodeIgniter\Database\BaseBuilder->get()
 4 SYSTEMPATH\BaseModel.php(677): CodeIgniter\Model->doFindAll(0, 0)
 5 APPPATH\Controllers\Anggota.php(8): CodeIgniter\BaseModel->findAll()
 6 SYSTEMPATH\CodeIgniter.php(933): App\Controllers\Anggota->index()
 7 SYSTEMPATH\CodeIgniter.php(507): CodeIgniter\CodeIgniter->runController(Object(App\Controllers\Anggota))
 8 SYSTEMPATH\CodeIgniter.php(354): CodeIgniter\CodeIgniter->handleRequest(null, Object(Config\Cache), false)
 9 SYSTEMPATH\Boot.php(363): CodeIgniter\CodeIgniter->run()
10 SYSTEMPATH\Boot.php(68): CodeIgniter\Boot::runCodeIgniter(Object(CodeIgniter\CodeIgniter))
11 FCPATH\index.php(59): CodeIgniter\Boot::bootWeb(Object(Config\Paths))
12 SYSTEMPATH\rewrite.php(44): require_once('F:\\Tugas Mahesa Fazrie\\Codingan\\php\\CI4 ETS\\public\\index.php')
